#set( $symbol_pound = '#' )
#set( $symbol_dollar = '$' )
#set( $symbol_escape = '\' )
<?xml version="1.0" encoding="UTF-8"?>
<testng-results skipped="0" failed="0" ignored="0" total="1" passed="1">
  <reporter-output>
  </reporter-output>
  <suite name="Suite1" duration-ms="20324" started-at="2019-10-31T19:36:11 IST" finished-at="2019-10-31T19:36:31 IST">
    <groups>
    </groups>
    <test name="Test2" duration-ms="20324" started-at="2019-10-31T19:36:11 IST" finished-at="2019-10-31T19:36:31 IST">
      <class name="${package}.testscenario.TestScenaio">
        <test-method status="PASS" signature="setBrowser(java.lang.String)[pri:0, instance:${package}.testscenario.TestScenaio@670b40af]" name="setBrowser" duration-ms="20241" started-at="2019-10-31T19:36:11 IST" finished-at="2019-10-31T19:36:31 IST">
          <params>
            <param index="0">
              <value>
                <![CDATA[chrome]]>
              </value>
            </param>
          </params>
          <reporter-output>
          </reporter-output>
        </test-method> <!-- setBrowser -->
      </class> <!-- ${package}.testscenario.TestScenaio -->
    </test> <!-- Test2 -->
  </suite> <!-- Suite1 -->
  <suite name="Test-class Suite" duration-ms="0" started-at="2019-10-31T19:36:32 IST" finished-at="2019-10-31T19:36:32 IST">
    <groups>
    </groups>
  </suite> <!-- Test-class Suite -->
</testng-results>
